Using pre-set license
Built from '2020.3/staging' branch; Version is '2020.3.9f1 (108be757e447) revision 1084391'; Using compiler version '192528614'; Build Type 'Release'
OS: 'Windows 10 Enterprise; OS build 19043.1706; Version 2009; 64bit' Language: 'es' Physical Memory: 65427 MB
BatchMode: 1, IsHumanControllingUs: 0, StartBugReporterOnCrash: 0, Is64bit: 1, IsPro: 0

 COMMAND LINE ARGUMENTS:
C:\Program Files\Unity\Editor\Unity.exe
-adb2
-batchMode
-noUpm
-name
AssetImportWorker0
-projectPath
D:/Users/admin-ilinf/Downloads/KinectV1Unity2020-main
-logFile
Logs/AssetImportWorker0.log
-srvPort
61114
Successfully changed project path to: D:/Users/admin-ilinf/Downloads/KinectV1Unity2020-main
D:/Users/admin-ilinf/Downloads/KinectV1Unity2020-main
Using Asset Import Pipeline V2.
Refreshing native plugins compatible for Editor in 21.94 ms, found 0 plugins.
Preloading 0 native plugins for Editor in 0.00 ms.
Initialize engine version: 2020.3.9f1 (108be757e447)
[Subsystems] Discovering subsystems at path C:/Program Files/Unity/Editor/Data/Resources/UnitySubsystems
[Subsystems] Discovering subsystems at path D:/Users/admin-ilinf/Downloads/KinectV1Unity2020-main/Assets
GfxDevice: creating device client; threaded=0
Direct3D:
    Version:  Direct3D 11.0 [level 11.0]
    Renderer: NVIDIA Quadro K420 (ID=0xff3)
    Vendor:   
    VRAM:     2018 MB
    Driver:   23.21.13.8508
Initialize mono
Mono path[0] = 'C:/Program Files/Unity/Editor/Data/Managed'
Mono path[1] = 'C:/Program Files/Unity/Editor/Data/MonoBleedingEdge/lib/mono/unityjit'
Mono config path = 'C:/Program Files/Unity/Editor/Data/MonoBleedingEdge/etc'
Using monoOptions --debugger-agent=transport=dt_socket,embedding=1,server=y,suspend=n,address=127.0.0.1:56588
Begin MonoManager ReloadAssembly
Registering precompiled unity dll's ...
Register platform support module: C:/Program Files/Unity/Editor/Data/PlaybackEngines/WindowsStandaloneSupport/UnityEditor.WindowsStandalone.Extensions.dll
Registered in 0.001689 seconds.
Native extension for WindowsStandalone target not found
Refreshing native plugins compatible for Editor in 23.93 ms, found 0 plugins.
Preloading 0 native plugins for Editor in 0.00 ms.
Mono: successfully reloaded assembly
- Completed reload, in  0.959 seconds
Platform modules already initialized, skipping
Registering precompiled user dll's ...
Registered in 0.000549 seconds.
Begin MonoManager ReloadAssembly
Native extension for WindowsStandalone target not found
Refreshing native plugins compatible for Editor in 0.21 ms, found 0 plugins.
Preloading 0 native plugins for Editor in 0.00 ms.
Mono: successfully reloaded assembly
- Completed reload, in  0.761 seconds
Platform modules already initialized, skipping
========================================================================
Worker process is ready to serve import requests
Launched and connected shader compiler UnityShaderCompiler.exe after 0.05 seconds
Refreshing native plugins compatible for Editor in 0.36 ms, found 0 plugins.
Preloading 0 native plugins for Editor in 0.00 ms.
Unloading 1141 Unused Serialized files (Serialized files now loaded: 0)
System memory in use before: 59.4 MB.
System memory in use after: 59.4 MB.

Unloading 9 unused Assets to reduce memory usage. Loaded Objects now: 1589.
Total: 2.250900 ms (FindLiveObjects: 0.190100 ms CreateObjectMapping: 0.044900 ms MarkObjects: 1.931500 ms  DeleteObjects: 0.083100 ms)

========================================================================
Received Import Request.
  path: Assets/Prefabs/PingPongProject.prefab
  artifactKey: Guid(7f447a7be3ea6344cbd48bd4c25c10ba) Importer(815301076,1909f56bfc062723c751e8b465ee728b)
Start importing Assets/Prefabs/PingPongProject.prefab using Guid(7f447a7be3ea6344cbd48bd4c25c10ba) Importer(815301076,1909f56bfc062723c751e8b465ee728b)  -> (artifact id: '0b916be6018db65122f7fd8a80fb906a') in 0.116314 seconds
  Import took 0.119515 seconds .

========================================================================
Received Import Request.
  Time since last request: 0.000893 seconds.
  path: Assets/Prefabs/PingPongBat.prefab
  artifactKey: Guid(57a650a445f0bcc4aa01696754b9a91f) Importer(815301076,1909f56bfc062723c751e8b465ee728b)
Start importing Assets/Prefabs/PingPongBat.prefab using Guid(57a650a445f0bcc4aa01696754b9a91f) Importer(815301076,1909f56bfc062723c751e8b465ee728b)  -> (artifact id: '200a83649c8b4980f3f719fad039116a') in 0.011719 seconds
  Import took 0.014384 seconds .

========================================================================
Received Import Request.
  Time since last request: 5.128874 seconds.
  path: Assets/Prefabs/PingPongBat (1).prefab
  artifactKey: Guid(2c576fc76c39b464181bd75ed91118a1) Importer(815301076,1909f56bfc062723c751e8b465ee728b)
Start importing Assets/Prefabs/PingPongBat (1).prefab using Guid(2c576fc76c39b464181bd75ed91118a1) Importer(815301076,1909f56bfc062723c751e8b465ee728b)  -> (artifact id: 'fdfe619e570a19928c1879d29467865e') in 0.016096 seconds
  Import took 0.018242 seconds .

========================================================================
Received Import Request.
  Time since last request: 0.000459 seconds.
  path: Assets/Prefabs/PingPongProject.prefab
  artifactKey: Guid(7f447a7be3ea6344cbd48bd4c25c10ba) Importer(815301076,1909f56bfc062723c751e8b465ee728b)
Start importing Assets/Prefabs/PingPongProject.prefab using Guid(7f447a7be3ea6344cbd48bd4c25c10ba) Importer(815301076,1909f56bfc062723c751e8b465ee728b)  -> (artifact id: 'f0a8b35af37f27de54c54ddd6f94173c') in 0.015061 seconds
  Import took 0.017845 seconds .

========================================================================
Received Import Request.
  Time since last request: 5.481118 seconds.
  path: Assets/Prefabs/PingPongProject.prefab
  artifactKey: Guid(7f447a7be3ea6344cbd48bd4c25c10ba) Importer(815301076,1909f56bfc062723c751e8b465ee728b)
Start importing Assets/Prefabs/PingPongProject.prefab using Guid(7f447a7be3ea6344cbd48bd4c25c10ba) Importer(815301076,1909f56bfc062723c751e8b465ee728b)  -> (artifact id: '8f22cc9d0834b5bc3a1ad4ed58c817d2') in 0.014648 seconds
  Import took 0.016723 seconds .

========================================================================
Received Prepare
Registering precompiled user dll's ...
Registered in 0.000595 seconds.
Begin MonoManager ReloadAssembly
Native extension for WindowsStandalone target not found
Refreshing native plugins compatible for Editor in 0.23 ms, found 0 plugins.
Preloading 0 native plugins for Editor in 0.00 ms.
Mono: successfully reloaded assembly
- Completed reload, in  0.700 seconds
Platform modules already initialized, skipping
Refreshing native plugins compatible for Editor in 0.24 ms, found 0 plugins.
Preloading 0 native plugins for Editor in 0.00 ms.
Unloading 1135 Unused Serialized files (Serialized files now loaded: 0)
System memory in use before: 62.4 MB.
System memory in use after: 62.5 MB.

Unloading 4 unused Assets to reduce memory usage. Loaded Objects now: 1602.
Total: 1.780800 ms (FindLiveObjects: 0.134300 ms CreateObjectMapping: 0.032300 ms MarkObjects: 1.596400 ms  DeleteObjects: 0.016000 ms)

========================================================================
Received Import Request.
  Time since last request: 505.958197 seconds.
  path: Assets/Prefabs/Raquet.obj
  artifactKey: Guid(737fbd6b6ea60ec4faaa0a57f23355fa) Importer(815301076,1909f56bfc062723c751e8b465ee728b)
Start importing Assets/Prefabs/Raquet.obj using Guid(737fbd6b6ea60ec4faaa0a57f23355fa) Importer(815301076,1909f56bfc062723c751e8b465ee728b)  -> (artifact id: 'b12b3a4d8ff9d22e3125ad9924317133') in 0.168890 seconds
  Import took 0.171291 seconds .

========================================================================
Received Import Request.
  Time since last request: 17.256989 seconds.
  path: Assets/Prefabs/RaquetaRoja.mat
  artifactKey: Guid(b17d50c3e1f3fbc4280a4e3e2a5728dc) Importer(815301076,1909f56bfc062723c751e8b465ee728b)
Start importing Assets/Prefabs/RaquetaRoja.mat using Guid(b17d50c3e1f3fbc4280a4e3e2a5728dc) Importer(815301076,1909f56bfc062723c751e8b465ee728b)  -> (artifact id: '66d6a9ddf6c3174cce5973a694489b31') in 0.037707 seconds
  Import took 0.039913 seconds .

========================================================================
Received Import Request.
  Time since last request: 24.709990 seconds.
  path: Assets/Prefabs/RaquetaMaterial.mat
  artifactKey: Guid(b17d50c3e1f3fbc4280a4e3e2a5728dc) Importer(815301076,1909f56bfc062723c751e8b465ee728b)
Start importing Assets/Prefabs/RaquetaMaterial.mat using Guid(b17d50c3e1f3fbc4280a4e3e2a5728dc) Importer(815301076,1909f56bfc062723c751e8b465ee728b)  -> (artifact id: '0ef974e93cccf55d609853785c227cc1') in 0.013645 seconds
  Import took 0.016499 seconds .

========================================================================
Received Prepare
Registering precompiled user dll's ...
Registered in 0.000867 seconds.
Begin MonoManager ReloadAssembly
Native extension for WindowsStandalone target not found
Refreshing native plugins compatible for Editor in 0.25 ms, found 0 plugins.
Preloading 0 native plugins for Editor in 0.00 ms.
Mono: successfully reloaded assembly
- Completed reload, in  0.731 seconds
Platform modules already initialized, skipping
Refreshing native plugins compatible for Editor in 0.21 ms, found 0 plugins.
Preloading 0 native plugins for Editor in 0.00 ms.
Unloading 1135 Unused Serialized files (Serialized files now loaded: 0)
System memory in use before: 62.8 MB.
System memory in use after: 62.9 MB.

Unloading 4 unused Assets to reduce memory usage. Loaded Objects now: 1642.
Total: 1.978700 ms (FindLiveObjects: 0.233200 ms CreateObjectMapping: 0.050200 ms MarkObjects: 1.678500 ms  DeleteObjects: 0.015500 ms)

========================================================================
Received Import Request.
  Time since last request: 254.254656 seconds.
  path: Assets/Prefabs/RaquetaMaterial.mat
  artifactKey: Guid(b17d50c3e1f3fbc4280a4e3e2a5728dc) Importer(815301076,1909f56bfc062723c751e8b465ee728b)
Start importing Assets/Prefabs/RaquetaMaterial.mat using Guid(b17d50c3e1f3fbc4280a4e3e2a5728dc) Importer(815301076,1909f56bfc062723c751e8b465ee728b)  -> (artifact id: '8d9c0eecec2da2e5173555d8539ec43b') in 0.052340 seconds
  Import took 0.054316 seconds .

========================================================================
Received Prepare
Registering precompiled user dll's ...
Registered in 0.000556 seconds.
Begin MonoManager ReloadAssembly
Native extension for WindowsStandalone target not found
Refreshing native plugins compatible for Editor in 0.21 ms, found 0 plugins.
Preloading 0 native plugins for Editor in 0.00 ms.
Mono: successfully reloaded assembly
- Completed reload, in  0.691 seconds
Platform modules already initialized, skipping
Refreshing native plugins compatible for Editor in 0.23 ms, found 0 plugins.
Preloading 0 native plugins for Editor in 0.00 ms.
Unloading 1135 Unused Serialized files (Serialized files now loaded: 0)
System memory in use before: 62.8 MB.
System memory in use after: 62.9 MB.

Unloading 4 unused Assets to reduce memory usage. Loaded Objects now: 1646.
Total: 1.707600 ms (FindLiveObjects: 0.142800 ms CreateObjectMapping: 0.028700 ms MarkObjects: 1.520100 ms  DeleteObjects: 0.015000 ms)

========================================================================
Received Import Request.
  Time since last request: 387.794146 seconds.
  path: Assets/Prefabs/PelotaTenis.mat
  artifactKey: Guid(d019f0d7d1baec74dab07d3dd3289e45) Importer(815301076,1909f56bfc062723c751e8b465ee728b)
Start importing Assets/Prefabs/PelotaTenis.mat using Guid(d019f0d7d1baec74dab07d3dd3289e45) Importer(815301076,1909f56bfc062723c751e8b465ee728b)  -> (artifact id: 'd62c373a671666ebd24fc3daf92b351d') in 0.056474 seconds
  Import took 0.058366 seconds .

========================================================================
Received Prepare
Registering precompiled user dll's ...
Registered in 0.000614 seconds.
Begin MonoManager ReloadAssembly
Native extension for WindowsStandalone target not found
Refreshing native plugins compatible for Editor in 0.21 ms, found 0 plugins.
Preloading 0 native plugins for Editor in 0.00 ms.
Mono: successfully reloaded assembly
- Completed reload, in  0.747 seconds
Platform modules already initialized, skipping
Refreshing native plugins compatible for Editor in 0.24 ms, found 0 plugins.
Preloading 0 native plugins for Editor in 0.00 ms.
Unloading 1135 Unused Serialized files (Serialized files now loaded: 0)
System memory in use before: 62.8 MB.
System memory in use after: 62.9 MB.

Unloading 4 unused Assets to reduce memory usage. Loaded Objects now: 1650.
Total: 1.660100 ms (FindLiveObjects: 0.143500 ms CreateObjectMapping: 0.028900 ms MarkObjects: 1.472900 ms  DeleteObjects: 0.013700 ms)

========================================================================
Received Import Request.
  Time since last request: 966.491523 seconds.
  path: Assets/Prefabs/PelotaTenis.mat
  artifactKey: Guid(d019f0d7d1baec74dab07d3dd3289e45) Importer(815301076,1909f56bfc062723c751e8b465ee728b)
Start importing Assets/Prefabs/PelotaTenis.mat using Guid(d019f0d7d1baec74dab07d3dd3289e45) Importer(815301076,1909f56bfc062723c751e8b465ee728b)  -> (artifact id: 'd7a8eea8879f007f0259660ed542f96b') in 0.057694 seconds
  Import took 0.059936 seconds .

AssetImportWorkerClient::OnTransportError - code=2 error=End of file
